<?xml version="1.0" encoding="UTF-8"?>
<!-- Generated by org.testng.reporters.JUnitReportReporter -->
<testsuite hostname="L-SFM323B2SW" name="com.demo.main.LaunchExplorerTest" tests="1" failures="0" timestamp="19 Jun 2016 19:31:17 GMT" time="0.012" errors="0">
  <testcase name="appTest" time="0.012" classname="com.demo.main.LaunchExplorerTest"/>
</testsuite> <!-- com.demo.main.LaunchExplorerTest -->
